<?xml version="1.0" encoding="UTF-8"?>
<testng-results skipped="0" failed="0" ignored="0" total="2" passed="2">
  <reporter-output>
  </reporter-output>
  <suite name="Suite" duration-ms="13900" started-at="2020-07-03T02:33:46Z" finished-at="2020-07-03T02:34:00Z">
    <groups>
    </groups>
    <test name="Test" duration-ms="13900" started-at="2020-07-03T02:33:46Z" finished-at="2020-07-03T02:34:00Z">
      <class name="com.Tests.LoginTest">
        <test-method status="PASS" signature="Launch()[pri:0, instance:com.Tests.LoginTest@54a097cc]" name="Launch" is-config="true" duration-ms="44441" started-at="2020-07-03T02:33:01Z" finished-at="2020-07-03T02:33:46Z">
          <reporter-output>
          </reporter-output>
        </test-method> <!-- Launch -->
        <test-method status="PASS" signature="CheckTitle()[pri:0, instance:com.Tests.LoginTest@54a097cc]" name="CheckTitle" duration-ms="5716" started-at="2020-07-03T02:33:46Z" finished-at="2020-07-03T02:33:51Z">
          <reporter-output>
          </reporter-output>
        </test-method> <!-- CheckTitle -->
        <test-method status="PASS" signature="Loginn()[pri:0, instance:com.Tests.LoginTest@54a097cc]" name="Loginn" duration-ms="8138" started-at="2020-07-03T02:33:51Z" finished-at="2020-07-03T02:34:00Z">
          <reporter-output>
          </reporter-output>
        </test-method> <!-- Loginn -->
      </class> <!-- com.Tests.LoginTest -->
    </test> <!-- Test -->
  </suite> <!-- Suite -->
</testng-results>
