<?xml version="1.0" encoding="UTF-8"?>
<testng-results skipped="0" failed="0" ignored="0" total="2" passed="2">
  <reporter-output>
  </reporter-output>
  <suite name="Suite" duration-ms="2062" started-at="2020-07-02T02:56:29Z" finished-at="2020-07-02T02:56:32Z">
    <groups>
    </groups>
    <test name="Test" duration-ms="2062" started-at="2020-07-02T02:56:29Z" finished-at="2020-07-02T02:56:32Z">
      <class name="com.Tests.LoginTest">
        <test-method status="PASS" signature="Launch()[pri:0, instance:com.Tests.LoginTest@91161c7]" name="Launch" is-config="true" duration-ms="8207" started-at="2020-07-02T02:56:21Z" finished-at="2020-07-02T02:56:29Z">
          <reporter-output>
          </reporter-output>
        </test-method> <!-- Launch -->
        <test-method status="PASS" signature="CheckTitle()[pri:0, instance:com.Tests.LoginTest@91161c7]" name="CheckTitle" duration-ms="20" started-at="2020-07-02T02:56:30Z" finished-at="2020-07-02T02:56:30Z">
          <reporter-output>
          </reporter-output>
        </test-method> <!-- CheckTitle -->
        <test-method status="PASS" signature="Loginn()[pri:0, instance:com.Tests.LoginTest@91161c7]" name="Loginn" duration-ms="2016" started-at="2020-07-02T02:56:30Z" finished-at="2020-07-02T02:56:32Z">
          <reporter-output>
          </reporter-output>
        </test-method> <!-- Loginn -->
      </class> <!-- com.Tests.LoginTest -->
    </test> <!-- Test -->
  </suite> <!-- Suite -->
</testng-results>
